<?xml version="1.0" encoding="UTF-8"?>
<!-- Generated by org.testng.reporters.JUnitReportReporter -->
<testsuite hostname="SHUBHAM" failures="0" tests="2" name="goNow.GoNowHotel" time="124.289" errors="0" timestamp="2023-06-08T15:42:40 IST" skipped="0">
  <testcase classname="goNow.GoNowHotel" name="v12stagingforhotel" time="61.257"/>
  <system-out/>
  <testcase classname="goNow.GoNowHotel" name="v12stagingforhotel" time="63.032"/>
  <system-out/>
</testsuite> <!-- goNow.GoNowHotel -->
