<?xml version="1.0" encoding="UTF-8"?>
<!-- Generated by org.testng.reporters.JUnitReportReporter -->
<testsuite hostname="SHUBHAM" failures="0" tests="2" name="goNow.GoNowFlight_Hotel" time="146.902" errors="0" timestamp="2023-06-08T18:19:54 IST" skipped="0">
  <testcase classname="goNow.GoNowFlight_Hotel" name="v12stagingforhotel" time="78.615"/>
  <system-out/>
  <testcase classname="goNow.GoNowFlight_Hotel" name="v12stagingforhotel" time="68.287"/>
  <system-out/>
</testsuite> <!-- goNow.GoNowFlight_Hotel -->
