<?xml version="1.0" encoding="UTF-8"?>
<!-- Generated by org.testng.reporters.JUnitReportReporter -->
<testsuite hostname="SHUBHAM" failures="0" tests="2" name="goNow.GoNowFlight_Hotel" time="765.895" errors="0" timestamp="2022-08-22T18:11:04 IST" skipped="0">
  <testcase classname="goNow.GoNowFlight_Hotel" name="v12stagingforhotel" time="421.270"/>
  <system-out/>
  <testcase classname="goNow.GoNowFlight_Hotel" name="v12stagingforhotel" time="344.625"/>
  <system-out/>
</testsuite> <!-- goNow.GoNowFlight_Hotel -->
