<?xml version="1.0" encoding="UTF-8"?>
<!-- Generated by org.testng.reporters.JUnitReportReporter -->
<testsuite hostname="SHUBHAM" failures="0" tests="2" name="goNow.GoNowHotel" time="396.773" errors="0" timestamp="2022-08-22T16:13:07 IST" skipped="0">
  <testcase classname="goNow.GoNowHotel" name="v12stagingforhotel" time="186.613"/>
  <system-out/>
  <testcase classname="goNow.GoNowHotel" name="v12stagingforhotel" time="210.160"/>
  <system-out/>
</testsuite> <!-- goNow.GoNowHotel -->
