<?xml version="1.0" encoding="UTF-8"?>
<!-- Generated by org.testng.reporters.JUnitReportReporter -->
<testsuite hostname="SHUBHAM" failures="0" tests="4" name="goNow.GoNowFlight" time="250.250" errors="0" timestamp="2023-06-08T15:05:47 IST" skipped="0">
  <testcase classname="goNow.GoNowFlight" name="v12Stagingforflight" time="63.909"/>
  <system-out/>
  <testcase classname="goNow.GoNowFlight" name="v12Stagingforflight" time="57.574"/>
  <system-out/>
  <testcase classname="goNow.GoNowFlight" name="v12Stagingforflight" time="66.247"/>
  <system-out/>
  <testcase classname="goNow.GoNowFlight" name="v12Stagingforflight" time="62.520"/>
  <system-out/>
</testsuite> <!-- goNow.GoNowFlight -->
