<?xml version="1.0" encoding="UTF-8"?>
<!-- Generated by org.testng.reporters.JUnitReportReporter -->
<testsuite hostname="SHUBHAM" failures="0" tests="3" name="goNow.GoNowFlight" time="1005.595" errors="0" timestamp="2022-09-28T18:04:44 IST" skipped="0">
  <testcase classname="goNow.GoNowFlight" name="v12Stagingforflight" time="330.958"/>
  <system-out/>
  <testcase classname="goNow.GoNowFlight" name="v12Stagingforflight" time="343.513"/>
  <system-out/>
  <testcase classname="goNow.GoNowFlight" name="v12Stagingforflight" time="331.124"/>
  <system-out/>
</testsuite> <!-- goNow.GoNowFlight -->
