<?xml version="1.0" encoding="UTF-8"?>
<!-- Generated by org.testng.reporters.JUnitReportReporter -->
<testsuite hostname="SHUBHAM" failures="0" tests="1" name="goNow.GoNowHotel" time="236.258" errors="0" timestamp="2022-10-04T10:51:56 IST" skipped="0">
  <testcase classname="goNow.GoNowHotel" name="v12stagingforhotel" time="236.258"/>
  <system-out/>
</testsuite> <!-- goNow.GoNowHotel -->
